<?xml version="1.0" encoding="UTF-8"?>
<robot generator="Robot 4.1.3 (Python 3.10.0 on win32)" generated="20220110 22:38:37.534" rpa="false" schemaversion="2">
<suite id="s1" name="Configuration" source="F:\Python_Automation\RobertFramework\Tests\configuration.robot">
<test id="s1-t1" name="Validate login page and login form">
<kw name="open the browser with url" library="resource" type="SETUP">
<kw name="Create Webdriver" library="SeleniumLibrary">
<arg>Chrome</arg>
<doc>Creates an instance of Selenium WebDriver.</doc>
<msg timestamp="20220110 22:38:37.792" level="INFO">Creating an instance of the Chrome WebDriver.</msg>
<status status="PASS" starttime="20220110 22:38:37.792" endtime="20220110 22:38:39.398"/>
</kw>
<kw name="Maximize Browser Window" library="SeleniumLibrary">
<doc>Maximizes current browser window.</doc>
<status status="PASS" starttime="20220110 22:38:39.399" endtime="20220110 22:38:39.525"/>
</kw>
<kw name="Go To" library="SeleniumLibrary">
<arg>${Site_Url}</arg>
<doc>Navigates the current browser window to the provided ``url``.</doc>
<msg timestamp="20220110 22:38:39.525" level="INFO">Opening url 'https://rahulshettyacademy.com/loginpagePractise/'</msg>
<status status="PASS" starttime="20220110 22:38:39.525" endtime="20220110 22:38:40.115"/>
</kw>
<status status="PASS" starttime="20220110 22:38:37.792" endtime="20220110 22:38:40.115"/>
</kw>
<kw name="Fill the login details and login form">
<arg>${Username}</arg>
<arg>${Password}</arg>
<kw name="Input Text" library="SeleniumLibrary">
<arg>id:username</arg>
<arg>${Username}</arg>
<doc>Types the given ``text`` into the text field identified by ``locator``.</doc>
<msg timestamp="20220110 22:38:40.115" level="INFO">Typing text 'user@phptravels.com' into text field 'id:username'.</msg>
<status status="PASS" starttime="20220110 22:38:40.115" endtime="20220110 22:38:40.230"/>
</kw>
<kw name="Input Password" library="SeleniumLibrary">
<arg>id:password</arg>
<arg>${Password}</arg>
<doc>Types the given password into the text field identified by ``locator``.</doc>
<msg timestamp="20220110 22:38:40.230" level="INFO">Typing password into text field 'id:password'.</msg>
<msg timestamp="20220110 22:38:40.279" level="INFO">Temporally setting log level to: NONE</msg>
<msg timestamp="20220110 22:38:40.333" level="INFO">Log level changed from NONE to INFO.</msg>
<status status="PASS" starttime="20220110 22:38:40.230" endtime="20220110 22:38:40.333"/>
</kw>
<kw name="Click Element" library="SeleniumLibrary">
<arg>css:input[value='user']</arg>
<doc>Click the element identified by ``locator``.</doc>
<msg timestamp="20220110 22:38:40.333" level="INFO">Clicking element 'css:input[value='user']'.</msg>
<status status="PASS" starttime="20220110 22:38:40.333" endtime="20220110 22:38:40.393"/>
</kw>
<kw name="Wait Until Element Is Visible" library="SeleniumLibrary">
<arg>css:.modal-body</arg>
<doc>Waits until the element ``locator`` is visible.</doc>
<status status="PASS" starttime="20220110 22:38:40.393" endtime="20220110 22:38:40.658"/>
</kw>
<kw name="Click Element" library="SeleniumLibrary">
<arg>id:okayBtn</arg>
<doc>Click the element identified by ``locator``.</doc>
<msg timestamp="20220110 22:38:40.658" level="INFO">Clicking element 'id:okayBtn'.</msg>
<status status="PASS" starttime="20220110 22:38:40.658" endtime="20220110 22:38:40.740"/>
</kw>
<kw name="Wait Until Element Is Not Visible" library="SeleniumLibrary">
<arg>css:.modal-body</arg>
<doc>Waits until the element ``locator`` is not visible.</doc>
<status status="PASS" starttime="20220110 22:38:40.740" endtime="20220110 22:38:41.007"/>
</kw>
<kw name="Select From List By Value" library="SeleniumLibrary">
<arg>css:select.form-control</arg>
<arg>teach</arg>
<doc>Selects options from selection list ``locator`` by ``values``.</doc>
<msg timestamp="20220110 22:38:41.007" level="INFO">Selecting options from selection list 'css:select.form-control' by value teach.</msg>
<status status="PASS" starttime="20220110 22:38:41.007" endtime="20220110 22:38:41.099"/>
</kw>
<status status="PASS" starttime="20220110 22:38:40.115" endtime="20220110 22:38:41.099"/>
</kw>
<kw name="Close Browser Session" library="resource" type="TEARDOWN">
<kw name="Close Browser" library="SeleniumLibrary">
<doc>Closes the current browser.</doc>
<status status="PASS" starttime="20220110 22:38:41.099" endtime="20220110 22:38:43.255"/>
</kw>
<status status="PASS" starttime="20220110 22:38:41.099" endtime="20220110 22:38:43.255"/>
</kw>
<status status="PASS" starttime="20220110 22:38:37.792" endtime="20220110 22:38:43.255"/>
</test>
<doc>To validate the login form</doc>
<status status="PASS" starttime="20220110 22:38:37.540" endtime="20220110 22:38:43.255"/>
</suite>
<statistics>
<total>
<stat pass="1" fail="0" skip="0">All Tests</stat>
</total>
<tag>
</tag>
<suite>
<stat pass="1" fail="0" skip="0" id="s1" name="Configuration">Configuration</stat>
</suite>
</statistics>
<errors>
</errors>
</robot>
