<?xml version="1.0" encoding="UTF-8"?>
<robot generator="Robot 4.1.3 (Python 3.10.0 on win32)" generated="20220108 17:39:40.373" rpa="false" schemaversion="2">
<suite id="s1" name="Configuration" source="F:\Python_Automation\RobertFramework\Tests\configuration.robot">
<test id="s1-t1" name="Validate UnSuccesful login">
<kw name="open the browser with phptravels url" library="resource" type="SETUP">
<kw name="Create Webdriver" library="SeleniumLibrary">
<arg>Chrome</arg>
<doc>Creates an instance of Selenium WebDriver.</doc>
<msg timestamp="20220108 17:39:40.555" level="INFO">Creating an instance of the Chrome WebDriver.</msg>
<status status="PASS" starttime="20220108 17:39:40.555" endtime="20220108 17:39:41.854"/>
</kw>
<kw name="Maximize Browser Window" library="SeleniumLibrary">
<doc>Maximizes current browser window.</doc>
<status status="PASS" starttime="20220108 17:39:41.854" endtime="20220108 17:39:41.975"/>
</kw>
<kw name="Go To" library="SeleniumLibrary">
<arg>${Site_Url}</arg>
<doc>Navigates the current browser window to the provided ``url``.</doc>
<msg timestamp="20220108 17:39:41.976" level="INFO">Opening url 'https://www.phptravels.net/login'</msg>
<status status="PASS" starttime="20220108 17:39:41.976" endtime="20220108 17:39:47.059"/>
</kw>
<status status="PASS" starttime="20220108 17:39:40.555" endtime="20220108 17:39:47.059"/>
</kw>
<kw name="fill the login form">
<arg>${User_name}</arg>
<arg>${Invalid_Password}</arg>
<kw name="Input Text" library="SeleniumLibrary">
<arg>xpath://input[@placeholder='Email']</arg>
<arg>${Username}</arg>
<doc>Types the given ``text`` into the text field identified by ``locator``.</doc>
<msg timestamp="20220108 17:39:47.060" level="INFO">Typing text 'user@phptravels.com' into text field 'xpath://input[@placeholder='Email']'.</msg>
<status status="PASS" starttime="20220108 17:39:47.060" endtime="20220108 17:39:47.124"/>
</kw>
<kw name="Input Password" library="SeleniumLibrary">
<arg>xpath://input[@placeholder='Password']</arg>
<arg>${Password}</arg>
<doc>Types the given password into the text field identified by ``locator``.</doc>
<msg timestamp="20220108 17:39:47.124" level="INFO">Typing password into text field 'xpath://input[@placeholder='Password']'.</msg>
<msg timestamp="20220108 17:39:47.152" level="INFO">Temporally setting log level to: NONE</msg>
<msg timestamp="20220108 17:39:47.174" level="INFO">Log level changed from NONE to INFO.</msg>
<status status="PASS" starttime="20220108 17:39:47.124" endtime="20220108 17:39:47.175"/>
</kw>
<kw name="Click Button" library="SeleniumLibrary">
<arg>xpath://*[@type='submit']</arg>
<doc>Clicks the button identified by ``locator``.</doc>
<msg timestamp="20220108 17:39:47.175" level="INFO">Clicking button 'xpath://*[@type='submit']'.</msg>
<status status="PASS" starttime="20220108 17:39:47.175" endtime="20220108 17:39:48.141"/>
</kw>
<status status="PASS" starttime="20220108 17:39:47.059" endtime="20220108 17:39:48.141"/>
</kw>
<kw name="wait until element is located in the page">
<arg>${Error_Message_Login}</arg>
<kw name="Wait Until Element Is Visible" library="SeleniumLibrary">
<arg>${Error_Message_Login}</arg>
<doc>Waits until the element ``locator`` is visible.</doc>
<status status="PASS" starttime="20220108 17:39:48.142" endtime="20220108 17:39:48.183"/>
</kw>
<status status="PASS" starttime="20220108 17:39:48.142" endtime="20220108 17:39:48.183"/>
</kw>
<kw name="verify error message is displaying">
<kw name="Get Text" library="SeleniumLibrary">
<var>${result}</var>
<arg>${Error_Message_Login}</arg>
<doc>Returns the text value of the element identified by ``locator``.</doc>
<msg timestamp="20220108 17:39:48.200" level="INFO">${result} = Wrong credentials. try again!</msg>
<status status="PASS" starttime="20220108 17:39:48.184" endtime="20220108 17:39:48.200"/>
</kw>
<kw name="Should Be Equal As Strings" library="BuiltIn">
<arg>${result}</arg>
<arg>Wrong credentials. try again!</arg>
<doc>Fails if objects are unequal after converting them to strings.</doc>
<status status="PASS" starttime="20220108 17:39:48.200" endtime="20220108 17:39:48.200"/>
</kw>
<status status="PASS" starttime="20220108 17:39:48.184" endtime="20220108 17:39:48.201"/>
</kw>
<kw name="Close Browser Session" library="resource" type="TEARDOWN">
<kw name="Close Browser" library="SeleniumLibrary">
<doc>Closes the current browser.</doc>
<status status="PASS" starttime="20220108 17:39:48.201" endtime="20220108 17:39:50.314"/>
</kw>
<status status="PASS" starttime="20220108 17:39:48.201" endtime="20220108 17:39:50.314"/>
</kw>
<status status="PASS" starttime="20220108 17:39:40.555" endtime="20220108 17:39:50.314"/>
</test>
<test id="s1-t2" name="Validate tab details in home page">
<kw name="open the browser with phptravels url" library="resource" type="SETUP">
<kw name="Create Webdriver" library="SeleniumLibrary">
<arg>Chrome</arg>
<doc>Creates an instance of Selenium WebDriver.</doc>
<msg timestamp="20220108 17:39:50.314" level="INFO">Creating an instance of the Chrome WebDriver.</msg>
<status status="PASS" starttime="20220108 17:39:50.314" endtime="20220108 17:39:51.495"/>
</kw>
<kw name="Maximize Browser Window" library="SeleniumLibrary">
<doc>Maximizes current browser window.</doc>
<status status="PASS" starttime="20220108 17:39:51.495" endtime="20220108 17:39:51.615"/>
</kw>
<kw name="Go To" library="SeleniumLibrary">
<arg>${Site_Url}</arg>
<doc>Navigates the current browser window to the provided ``url``.</doc>
<msg timestamp="20220108 17:39:51.615" level="INFO">Opening url 'https://www.phptravels.net/login'</msg>
<status status="PASS" starttime="20220108 17:39:51.615" endtime="20220108 17:39:57.986"/>
</kw>
<status status="PASS" starttime="20220108 17:39:50.314" endtime="20220108 17:39:57.986"/>
</kw>
<kw name="fill the login form">
<arg>${User_name}</arg>
<arg>${Valid_Password}</arg>
<kw name="Input Text" library="SeleniumLibrary">
<arg>xpath://input[@placeholder='Email']</arg>
<arg>${Username}</arg>
<doc>Types the given ``text`` into the text field identified by ``locator``.</doc>
<msg timestamp="20220108 17:39:57.988" level="INFO">Typing text 'user@phptravels.com' into text field 'xpath://input[@placeholder='Email']'.</msg>
<status status="PASS" starttime="20220108 17:39:57.987" endtime="20220108 17:39:58.055"/>
</kw>
<kw name="Input Password" library="SeleniumLibrary">
<arg>xpath://input[@placeholder='Password']</arg>
<arg>${Password}</arg>
<doc>Types the given password into the text field identified by ``locator``.</doc>
<msg timestamp="20220108 17:39:58.055" level="INFO">Typing password into text field 'xpath://input[@placeholder='Password']'.</msg>
<msg timestamp="20220108 17:39:58.081" level="INFO">Temporally setting log level to: NONE</msg>
<msg timestamp="20220108 17:39:58.109" level="INFO">Log level changed from NONE to INFO.</msg>
<status status="PASS" starttime="20220108 17:39:58.055" endtime="20220108 17:39:58.109"/>
</kw>
<kw name="Click Button" library="SeleniumLibrary">
<arg>xpath://*[@type='submit']</arg>
<doc>Clicks the button identified by ``locator``.</doc>
<msg timestamp="20220108 17:39:58.109" level="INFO">Clicking button 'xpath://*[@type='submit']'.</msg>
<status status="PASS" starttime="20220108 17:39:58.109" endtime="20220108 17:40:01.092"/>
</kw>
<status status="PASS" starttime="20220108 17:39:57.987" endtime="20220108 17:40:01.092"/>
</kw>
<kw name="wait until element is located in the page">
<arg>${Homepage_element_visible}</arg>
<kw name="Wait Until Element Is Visible" library="SeleniumLibrary">
<arg>${Error_Message_Login}</arg>
<doc>Waits until the element ``locator`` is visible.</doc>
<kw name="Capture Page Screenshot" library="SeleniumLibrary">
<doc>Takes a screenshot of the current page and embeds it into a log file.</doc>
<msg timestamp="20220108 17:40:06.259" level="INFO" html="true">&lt;/td&gt;&lt;/tr&gt;&lt;tr&gt;&lt;td colspan="3"&gt;&lt;a href="selenium-screenshot-5.png"&gt;&lt;img src="selenium-screenshot-5.png" width="800px"&gt;&lt;/a&gt;</msg>
<status status="PASS" starttime="20220108 17:40:06.110" endtime="20220108 17:40:06.259"/>
</kw>
<msg timestamp="20220108 17:40:06.259" level="FAIL">Element '//div[@class='message']' not visible after 5 seconds.</msg>
<status status="FAIL" starttime="20220108 17:40:01.093" endtime="20220108 17:40:06.259"/>
</kw>
<status status="FAIL" starttime="20220108 17:40:01.092" endtime="20220108 17:40:06.259"/>
</kw>
<kw name="Close Browser Session" library="resource" type="TEARDOWN">
<kw name="Close Browser" library="SeleniumLibrary">
<doc>Closes the current browser.</doc>
<status status="PASS" starttime="20220108 17:40:06.259" endtime="20220108 17:40:08.392"/>
</kw>
<status status="PASS" starttime="20220108 17:40:06.259" endtime="20220108 17:40:08.392"/>
</kw>
<status status="FAIL" starttime="20220108 17:39:50.314" endtime="20220108 17:40:08.392">Element '//div[@class='message']' not visible after 5 seconds.</status>
</test>
<doc>To validate the login form</doc>
<status status="FAIL" starttime="20220108 17:39:40.384" endtime="20220108 17:40:08.392"/>
</suite>
<statistics>
<total>
<stat pass="1" fail="1" skip="0">All Tests</stat>
</total>
<tag>
</tag>
<suite>
<stat pass="1" fail="1" skip="0" id="s1" name="Configuration">Configuration</stat>
</suite>
</statistics>
<errors>
</errors>
</robot>
